<?xml version="1.0" encoding="UTF-8"?>
<!-- Generated by org.testng.reporters.JUnitReportReporter -->
<testsuite hostname="DESKTOP-GLTL5EK" failures="0" tests="3" name="tng.testng2" time="0.007" errors="0" timestamp="2021-07-07T20:01:01 IST" skipped="1">
  <testcase classname="tng.testng2" name="test2" time="0.003"/>
  <system-out/>
  <testcase classname="tng.testng2" name="test3" time="0.004"/>
  <system-out/>
  <testcase classname="tng.testng2" name="test4">
    <skipped/>
  </testcase> <!-- test4 -->
  <system-out/>
</testsuite> <!-- tng.testng2 -->
